{
"contracts/NftMarketplace.sol":{"l":{"48":4,"49":4,"50":0,"52":4,"55":4,"57":4,"58":0,"60":4,"68":2,"69":2,"70":2,"71":0,"73":2,"81":4,"83":4,"84":4,"85":0,"87":4,"88":4,"97":2,"98":2,"99":0,"101":2,"102":2,"104":2,"105":2,"113":1,"114":1,"122":1,"123":1,"127":2,"128":2,"129":1,"131":1,"132":1,"133":1,"134":0,"146":1,"150":4},"path":"/home/a7mad_bashir/home/hardhat-nft-marketplace/contracts/NftMarketplace.sol","s":{"1":4,"2":4,"3":4,"4":4,"5":2,"6":2,"7":2,"8":4,"9":4,"10":4,"11":4,"12":4,"13":2,"14":2,"15":2,"16":2,"17":2,"18":1,"19":1,"20":1,"21":2,"22":2,"23":1,"24":1,"25":1,"26":1,"27":4},"b":{"1":[0,4],"2":[0,4],"3":[0,2],"4":[0,4],"5":[0,4],"6":[0,2],"7":[1,1],"8":[0,1]},"f":{"1":4,"2":4,"3":2,"4":4,"5":2,"6":1,"7":1,"8":2,"9":1,"10":4},"fnMap":{"1":{"name":"notListed","line":43,"loc":{"start":{"line":43,"column":4},"end":{"line":53,"column":4}}},"2":{"name":"isListed","line":54,"loc":{"start":{"line":54,"column":4},"end":{"line":61,"column":4}}},"3":{"name":"isOwner","line":63,"loc":{"start":{"line":63,"column":4},"end":{"line":74,"column":4}}},"4":{"name":"listItem","line":80,"loc":{"start":{"line":76,"column":4},"end":{"line":89,"column":4}}},"5":{"name":"buyItem","line":95,"loc":{"start":{"line":91,"column":4},"end":{"line":106,"column":4}}},"6":{"name":"cancelListing","line":111,"loc":{"start":{"line":108,"column":4},"end":{"line":115,"column":4}}},"7":{"name":"updateListing","line":121,"loc":{"start":{"line":117,"column":4},"end":{"line":124,"column":4}}},"8":{"name":"withdrawProceeds","line":126,"loc":{"start":{"line":126,"column":4},"end":{"line":136,"column":4}}},"9":{"name":"getListing","line":141,"loc":{"start":{"line":141,"column":4},"end":{"line":147,"column":4}}},"10":{"name":"getProceeds","line":149,"loc":{"start":{"line":149,"column":4},"end":{"line":151,"column":4}}}},"statementMap":{"1":{"start":{"line":48,"column":8},"end":{"line":48,"column":64}},"2":{"start":{"line":49,"column":8},"end":{"line":49,"column":1544}},"3":{"start":{"line":55,"column":8},"end":{"line":55,"column":64}},"4":{"start":{"line":57,"column":8},"end":{"line":57,"column":1802}},"5":{"start":{"line":68,"column":8},"end":{"line":68,"column":41}},"6":{"start":{"line":69,"column":8},"end":{"line":69,"column":44}},"7":{"start":{"line":70,"column":8},"end":{"line":70,"column":2126}},"8":{"start":{"line":81,"column":8},"end":{"line":81,"column":68}},"9":{"start":{"line":83,"column":8},"end":{"line":83,"column":41}},"10":{"start":{"line":84,"column":8},"end":{"line":84,"column":2504}},"11":{"start":{"line":87,"column":8},"end":{"line":87,"column":67}},"12":{"start":{"line":88,"column":8},"end":{"line":88,"column":63}},"13":{"start":{"line":97,"column":8},"end":{"line":97,"column":67}},"14":{"start":{"line":98,"column":8},"end":{"line":98,"column":3001}},"15":{"start":{"line":101,"column":8},"end":{"line":101,"column":80}},"16":{"start":{"line":104,"column":8},"end":{"line":104,"column":83}},"17":{"start":{"line":105,"column":8},"end":{"line":105,"column":74}},"18":{"start":{"line":114,"column":8},"end":{"line":114,"column":57}},"19":{"start":{"line":122,"column":8},"end":{"line":122,"column":55}},"20":{"start":{"line":123,"column":8},"end":{"line":123,"column":66}},"21":{"start":{"line":127,"column":8},"end":{"line":127,"column":49}},"22":{"start":{"line":128,"column":8},"end":{"line":128,"column":4155}},"23":{"start":{"line":131,"column":8},"end":{"line":131,"column":33}},"24":{"start":{"line":132,"column":8},"end":{"line":132,"column":72}},"25":{"start":{"line":133,"column":8},"end":{"line":133,"column":4352}},"26":{"start":{"line":146,"column":8},"end":{"line":146,"column":46}},"27":{"start":{"line":150,"column":8},"end":{"line":150,"column":33}}},"branchMap":{"1":{"line":49,"type":"if","locations":[{"start":{"line":49,"column":8},"end":{"line":49,"column":8}},{"start":{"line":49,"column":8},"end":{"line":49,"column":8}}]},"2":{"line":57,"type":"if","locations":[{"start":{"line":57,"column":8},"end":{"line":57,"column":8}},{"start":{"line":57,"column":8},"end":{"line":57,"column":8}}]},"3":{"line":70,"type":"if","locations":[{"start":{"line":70,"column":8},"end":{"line":70,"column":8}},{"start":{"line":70,"column":8},"end":{"line":70,"column":8}}]},"4":{"line":81,"type":"if","locations":[{"start":{"line":81,"column":8},"end":{"line":81,"column":8}},{"start":{"line":81,"column":8},"end":{"line":81,"column":8}}]},"5":{"line":84,"type":"if","locations":[{"start":{"line":84,"column":8},"end":{"line":84,"column":8}},{"start":{"line":84,"column":8},"end":{"line":84,"column":8}}]},"6":{"line":98,"type":"if","locations":[{"start":{"line":98,"column":8},"end":{"line":98,"column":8}},{"start":{"line":98,"column":8},"end":{"line":98,"column":8}}]},"7":{"line":128,"type":"if","locations":[{"start":{"line":128,"column":8},"end":{"line":128,"column":8}},{"start":{"line":128,"column":8},"end":{"line":128,"column":8}}]},"8":{"line":133,"type":"if","locations":[{"start":{"line":133,"column":8},"end":{"line":133,"column":8}},{"start":{"line":133,"column":8},"end":{"line":133,"column":8}}]}}},
"contracts/test/BasicNft.sol":{"l":{"11":3,"15":5,"16":5,"17":5,"29":0,"33":0},"path":"/home/a7mad_bashir/home/hardhat-nft-marketplace/contracts/test/BasicNft.sol","s":{"1":3,"2":5,"3":5,"4":0,"5":0},"b":{},"f":{"1":3,"2":5,"3":0,"4":0},"fnMap":{"1":{"name":"constructor","line":10,"loc":{"start":{"line":10,"column":4},"end":{"line":12,"column":4}}},"2":{"name":"mintNft","line":14,"loc":{"start":{"line":14,"column":4},"end":{"line":18,"column":4}}},"3":{"name":"tokenURI","line":20,"loc":{"start":{"line":20,"column":4},"end":{"line":30,"column":4}}},"4":{"name":"getTokenCounter","line":32,"loc":{"start":{"line":32,"column":4},"end":{"line":34,"column":4}}}},"statementMap":{"1":{"start":{"line":11,"column":8},"end":{"line":11,"column":25}},"2":{"start":{"line":15,"column":8},"end":{"line":15,"column":44}},"3":{"start":{"line":17,"column":8},"end":{"line":17,"column":29}},"4":{"start":{"line":29,"column":8},"end":{"line":29,"column":24}},"5":{"start":{"line":33,"column":8},"end":{"line":33,"column":29}}},"branchMap":{}}}
