TN:
SF:/home/a7mad_bashir/home/hardhat-nft-marketplace/contracts/NftMarketplace.sol
FN:43,notListed
FN:54,isListed
FN:63,isOwner
FN:80,listItem
FN:95,buyItem
FN:111,cancelListing
FN:121,updateListing
FN:126,withdrawProceeds
FN:141,getListing
FN:149,getProceeds
FNF:10
FNH:10
FNDA:4,notListed
FNDA:4,isListed
FNDA:2,isOwner
FNDA:4,listItem
FNDA:2,buyItem
FNDA:1,cancelListing
FNDA:1,updateListing
FNDA:2,withdrawProceeds
FNDA:1,getListing
FNDA:4,getProceeds
DA:48,4
DA:49,4
DA:50,0
DA:52,4
DA:55,4
DA:57,4
DA:58,0
DA:60,4
DA:68,2
DA:69,2
DA:70,2
DA:71,0
DA:73,2
DA:81,4
DA:83,4
DA:84,4
DA:85,0
DA:87,4
DA:88,4
DA:97,2
DA:98,2
DA:99,0
DA:101,2
DA:102,2
DA:104,2
DA:105,2
DA:113,1
DA:114,1
DA:122,1
DA:123,1
DA:127,2
DA:128,2
DA:129,1
DA:131,1
DA:132,1
DA:133,1
DA:134,0
DA:146,1
DA:150,4
LF:39
LH:33
BRDA:49,1,0,0
BRDA:49,1,1,4
BRDA:57,2,0,0
BRDA:57,2,1,4
BRDA:70,3,0,0
BRDA:70,3,1,2
BRDA:81,4,0,0
BRDA:81,4,1,4
BRDA:84,5,0,0
BRDA:84,5,1,4
BRDA:98,6,0,0
BRDA:98,6,1,2
BRDA:128,7,0,1
BRDA:128,7,1,1
BRDA:133,8,0,0
BRDA:133,8,1,1
BRF:16
BRH:9
end_of_record
TN:
SF:/home/a7mad_bashir/home/hardhat-nft-marketplace/contracts/test/BasicNft.sol
FN:10,constructor
FN:14,mintNft
FN:20,tokenURI
FN:32,getTokenCounter
FNF:4
FNH:2
FNDA:3,constructor
FNDA:5,mintNft
FNDA:0,tokenURI
FNDA:0,getTokenCounter
DA:11,3
DA:15,5
DA:16,5
DA:17,5
DA:29,0
DA:33,0
LF:6
LH:4
BRF:0
BRH:0
end_of_record
